INFO:__main__:

Execution Started of forward integration at: 2026-03-02 20:02:21.743201 
INFO:__main__:Module_no : 01
INFO:__main__:Module_Name : Read_Export_DIR

INFO:__main__:Total Number of CSV Files found: 2

INFO:__main__:File read at index 0 : 
 
INFO:export_process:Input file path : /Users/balkrishna/Documents/Projects/market_place_360/campaign/export/sms_1124.csv
INFO:export_process:
###---- Execution Started for Following File ----###
 filename = sms_1124.csv
 Channel = sms
INFO:campaign_audit:	Campaign Started - Job ID:092ee1b1-b7cf-43ec-bc70-36d2308185bb
INFO:campaign_audit:	Input Records:1000
INFO:campaign_audit:	Channels:sms
INFO:campaign_audit:	Start time:2026-03-02 20:02:21.744930
INFO:campaign_audit:Insertion completed in the db table
INFO:export_process:file already shared for logging with job id 092ee1b1-b7cf-43ec-bc70-36d2308185bb
INFO:export_process:Campaign file processing will start below
INFO:export_process:sms_1124.csv
INFO:modules.export_validator:Expected Columns : ['id', 'first_name', 'last_name', 'email', 'gender', 'current_product', 'target_product', 'analyst_email']
INFO:modules.export_validator:Actual Columns   : ['Unnamed: 0', 'id', 'first_name', 'last_name', 'email', 'gender', 'current_product', 'target_product', 'analyst_email', 'execution_type']
ERROR:modules.export_validator:sms_format column validation FAILED
INFO:email_alert:Prepping for Email Alert: 
 
INFO:email_alert:Connecting to SMTP server...
INFO:email_alert:Email sent successfully to ['balkrishna.11.shah@gmail.com']
 
INFO:campaign_audit:   Log Closure Updated in the db table
INFO:campaign_audit:	Campaign Failed - Job ID: 092ee1b1-b7cf-43ec-bc70-36d2308185bb
INFO:campaign_audit:	Output Records: 0
INFO:campaign_audit:	Execution Time: 5.22 seconds
INFO:campaign_audit:	End Time: 2026-03-02 20:02:26
