INFO:__main__:

Execution Started of forward integration at: 2026-02-23 16:56:37.248055 
INFO:__main__:Module_no : 01
INFO:__main__:Module_Name : Read_Export_DIR

INFO:__main__:Total Number of CSV Files found: 1

INFO:__main__:File read at index 0 : 
 
INFO:export_process:Input file path : /Users/balkrishna/Documents/Projects/market_place_360/campaign/export/sms_1124.csv
INFO:export_process:
###---- Execution Started for Following File ----###
 filename = sms_1124.csv
 Channel = sms
INFO:campaign_audit: Created folder: /Users/balkrishna/Documents/Projects/market_place_360/campaign_scripts/DB_files
INFO:campaign_audit:<bound method NDFrame.head of                                      id             script_name      filename  ... output_record_count channels error_message
0  a629e387-55e0-4501-8d54-5d0788b4992b  forward_integration.py  sms_1124.csv  ...                          sms              

[1 rows x 11 columns]>
INFO:campaign_audit:Campaign Started - Job ID:a629e387-55e0-4501-8d54-5d0788b4992b
INFO:campaign_audit:   Input Records:1000
INFO:campaign_audit:   Channels:sms
INFO:campaign_audit:   Start time:2026-02-23 16:56:37.248439
INFO:export_process:file already shared for logging with job id a629e387-55e0-4501-8d54-5d0788b4992b
INFO:export_process:Campaign file processing will start below
INFO:campaign_audit:   Campaign Completed - Job ID: a629e387-55e0-4501-8d54-5d0788b4992b
INFO:campaign_audit:   Output Records: 990
INFO:campaign_audit:   Execution Time: 0.01 seconds
INFO:campaign_audit:   End Time: 2026-02-23 16:56:37
INFO:__main__:
### This will be printed post execution of export_process() function 
